<?xml version="1.0" encoding="UTF-8"?>
<!-- Generated by org.testng.reporters.JUnitReportReporter -->
<testsuite hostname="HRISHIKESHSALU" failures="0" tests="2" name="com.SevenRSuperMarket.Project.LoginTest" time="5.544" errors="0" timestamp="2023-04-16T08:53:26 IST" skipped="0">
  <testcase classname="com.SevenRSuperMarket.Project.LoginTest" name="login" time="3.699"/>
  <system-out/>
  <testcase classname="com.SevenRSuperMarket.Project.LoginTest" name="demoRTest" time="1.845"/>
  <system-out/>
</testsuite> <!-- com.SevenRSuperMarket.Project.LoginTest -->
