<?xml version="1.0" encoding="UTF-8"?>
<!-- Generated by org.testng.reporters.JUnitReportReporter -->
<testsuite hostname="HRISHIKESHSALU" failures="0" tests="1" name="com.SevenRSuperMarket.Project.ManageProductsTest" time="3.650" errors="0" timestamp="2023-04-16T08:53:26 IST" skipped="0">
  <testcase classname="com.SevenRSuperMarket.Project.ManageProductsTest" name="manageProducts" time="3.650"/>
  <system-out/>
</testsuite> <!-- com.SevenRSuperMarket.Project.ManageProductsTest -->
