<?xml version="1.0" encoding="UTF-8"?>
<!-- Generated by org.testng.reporters.JUnitReportReporter -->
<testsuite hostname="HRISHIKESHSALU" failures="0" tests="1" name="com.SevenRSuperMarket.Test.VerifyUsersTest" time="7.602" errors="0" timestamp="2023-04-17T10:56:42 IST" skipped="0">
  <testcase classname="com.SevenRSuperMarket.Test.VerifyUsersTest" name="verifyUsers" time="7.602"/>
  <system-out/>
</testsuite> <!-- com.SevenRSuperMarket.Test.VerifyUsersTest -->
