<?xml version="1.0" encoding="UTF-8"?>
<!-- Generated by org.testng.reporters.JUnitReportReporter -->
<testsuite hostname="HRISHIKESHSALU" failures="0" tests="1" name="com.SevenRSuperMarket.Test.ManageProductsTest" time="6.323" errors="0" timestamp="2023-04-16T20:44:07 IST" skipped="0">
  <testcase classname="com.SevenRSuperMarket.Test.ManageProductsTest" name="manageProducts" time="6.323"/>
  <system-out/>
</testsuite> <!-- com.SevenRSuperMarket.Test.ManageProductsTest -->
