<?xml version="1.0" encoding="UTF-8"?>
<!-- Generated by org.testng.reporters.JUnitReportReporter -->
<testsuite hostname="HRISHIKESHSALU" failures="0" tests="1" name="com.SevenRSuperMarket.Test.PushNotificationsTest" time="5.790" errors="0" timestamp="2023-04-16T23:06:13 IST" skipped="0">
  <testcase classname="com.SevenRSuperMarket.Test.PushNotificationsTest" name="pushNotifications" time="5.790"/>
  <system-out/>
</testsuite> <!-- com.SevenRSuperMarket.Test.PushNotificationsTest -->
