<?xml version="1.0" encoding="UTF-8"?>
<!-- Generated by org.testng.reporters.JUnitReportReporter -->
<testsuite hostname="HRISHIKESHSALU" failures="0" tests="8" name="com.SevenRSuperMarket.Test.Verify_LoginTest" time="50.395" errors="0" timestamp="2023-04-17T10:21:05 IST" skipped="0">
  <testcase classname="com.SevenRSuperMarket.Test.Verify_LoginTest" name="loginWithValidCredentials" time="4.114"/>
  <system-out/>
  <testcase classname="com.SevenRSuperMarket.Test.Verify_LoginTest" name="loginWithValidCredentials" time="9.286"/>
  <system-out/>
  <testcase classname="com.SevenRSuperMarket.Test.Verify_LoginTest" name="loginWithValidCredentials" time="8.270"/>
  <system-out/>
  <testcase classname="com.SevenRSuperMarket.Test.Verify_LoginTest" name="loginWithValidCredentials" time="3.463"/>
  <system-out/>
  <testcase classname="com.SevenRSuperMarket.Test.Verify_LoginTest" name="loginWithValidCredentials" time="4.906"/>
  <system-out/>
  <testcase classname="com.SevenRSuperMarket.Test.Verify_LoginTest" name="loginWithValidCredentials" time="4.998"/>
  <system-out/>
  <testcase classname="com.SevenRSuperMarket.Test.Verify_LoginTest" name="loginWithValidCredentials" time="8.089"/>
  <system-out/>
  <testcase classname="com.SevenRSuperMarket.Test.Verify_LoginTest" name="loginWithValidCredentials" time="7.269"/>
  <system-out/>
</testsuite> <!-- com.SevenRSuperMarket.Test.Verify_LoginTest -->
