<?xml version="1.0" encoding="UTF-8"?>
<!-- Generated by org.testng.reporters.JUnitReportReporter -->
<testsuite hostname="HRISHIKESHSALU" failures="0" tests="1" name="com.SevenRSuperMarket.Test.PushNotificationsTest" time="10.626" errors="0" timestamp="2023-04-17T11:01:00 IST" skipped="0">
  <testcase classname="com.SevenRSuperMarket.Test.PushNotificationsTest" name="pushNotifications" time="10.626"/>
  <system-out/>
</testsuite> <!-- com.SevenRSuperMarket.Test.PushNotificationsTest -->
