<?xml version="1.0" encoding="UTF-8"?>
<!-- Generated by org.testng.reporters.JUnitReportReporter -->
<testsuite hostname="HRISHIKESHSALU" failures="0" tests="4" name="com.SevenRSuperMarket.Test.Verify_LoginTest" time="16.818" errors="0" timestamp="2023-04-16T17:08:55 IST" skipped="0">
  <testcase classname="com.SevenRSuperMarket.Test.Verify_LoginTest" name="loginWithValidCredentials" time="4.900"/>
  <system-out/>
  <testcase classname="com.SevenRSuperMarket.Test.Verify_LoginTest" name="loginWithValidCredentials" time="3.779"/>
  <system-out/>
  <testcase classname="com.SevenRSuperMarket.Test.Verify_LoginTest" name="loginWithValidCredentials" time="5.531"/>
  <system-out/>
  <testcase classname="com.SevenRSuperMarket.Test.Verify_LoginTest" name="loginWithValidCredentials" time="2.608"/>
  <system-out/>
</testsuite> <!-- com.SevenRSuperMarket.Test.Verify_LoginTest -->
