<?xml version="1.0" encoding="UTF-8"?>
<!-- Generated by org.testng.reporters.JUnitReportReporter -->
<testsuite hostname="HRISHIKESHSALU" failures="0" tests="2" name="com.SevenRSuperMarket.Test.ManageUsersTest" time="10.792" errors="0" timestamp="2023-04-17T10:40:20 IST" skipped="0">
  <testcase classname="com.SevenRSuperMarket.Test.ManageUsersTest" name="manageUsersSearchButtonBackGround" time="4.727"/>
  <system-out/>
  <testcase classname="com.SevenRSuperMarket.Test.ManageUsersTest" name="manageUsersResetButtonBorderColor" time="6.065"/>
  <system-out/>
</testsuite> <!-- com.SevenRSuperMarket.Test.ManageUsersTest -->
