<?xml version="1.0" encoding="UTF-8"?>
<!-- Generated by org.testng.reporters.JUnitReportReporter -->
<testsuite hostname="HRISHIKESHSALU" failures="0" tests="1" name="com.SevenRSuperMarket.Test.ManageProductsTest" time="8.286" errors="0" timestamp="2023-04-17T10:53:07 IST" skipped="0">
  <testcase classname="com.SevenRSuperMarket.Test.ManageProductsTest" name="manageProducts" time="8.286"/>
  <system-out/>
</testsuite> <!-- com.SevenRSuperMarket.Test.ManageProductsTest -->
